0 info it worked if it ends with ok
1 verbose cli [ '/Users/zhiwen/.nvm/versions/node/v6.11.5/bin/node',
1 verbose cli   '/Users/zhiwen/.nvm/versions/node/v6.11.5/bin/npm',
1 verbose cli   'install',
1 verbose cli   'reactjs-popup' ]
2 info using npm@3.10.10
3 info using node@v6.11.5
4 silly loadCurrentTree Starting
5 silly install loadCurrentTree
6 silly install readLocalPackageData
7 silly fetchPackageMetaData reactjs-popup
8 silly fetchNamedPackageData reactjs-popup
9 silly mapToRegistry name reactjs-popup
10 silly mapToRegistry using default registry
11 silly mapToRegistry registry https://registry.npmjs.org/
12 silly mapToRegistry data Result {
12 silly mapToRegistry   raw: 'reactjs-popup',
12 silly mapToRegistry   scope: null,
12 silly mapToRegistry   escapedName: 'reactjs-popup',
12 silly mapToRegistry   name: 'reactjs-popup',
12 silly mapToRegistry   rawSpec: '',
12 silly mapToRegistry   spec: 'latest',
12 silly mapToRegistry   type: 'tag' }
13 silly mapToRegistry uri https://registry.npmjs.org/reactjs-popup
14 verbose request uri https://registry.npmjs.org/reactjs-popup
15 verbose request no auth needed
16 info attempt registry request try #1 at 1:26:41 PM
17 verbose request id de3d972c82ac7d4a
18 verbose etag W/"5a17aafcb018b641758fefb1c89b0321"
19 verbose lastModified Wed, 06 Sep 2023 15:52:42 GMT
20 http request GET https://registry.npmjs.org/reactjs-popup
21 http 304 https://registry.npmjs.org/reactjs-popup
22 verbose headers { date: 'Sun, 20 Oct 2024 20:26:42 GMT',
22 verbose headers   connection: 'keep-alive',
22 verbose headers   'cf-ray': '8d5bbe8b3cf02572-SJC',
22 verbose headers   'cf-cache-status': 'REVALIDATED',
22 verbose headers   'access-control-allow-origin': '*',
22 verbose headers   'cache-control': 'public, max-age=300',
22 verbose headers   etag: '"5a17aafcb018b641758fefb1c89b0321"',
22 verbose headers   'last-modified': 'Wed, 06 Sep 2023 15:52:42 GMT',
22 verbose headers   vary: 'Accept-Encoding',
22 verbose headers   server: 'cloudflare' }
23 silly get cb [ 304,
23 silly get   { date: 'Sun, 20 Oct 2024 20:26:42 GMT',
23 silly get     connection: 'keep-alive',
23 silly get     'cf-ray': '8d5bbe8b3cf02572-SJC',
23 silly get     'cf-cache-status': 'REVALIDATED',
23 silly get     'access-control-allow-origin': '*',
23 silly get     'cache-control': 'public, max-age=300',
23 silly get     etag: '"5a17aafcb018b641758fefb1c89b0321"',
23 silly get     'last-modified': 'Wed, 06 Sep 2023 15:52:42 GMT',
23 silly get     vary: 'Accept-Encoding',
23 silly get     server: 'cloudflare' } ]
24 verbose etag https://registry.npmjs.org/reactjs-popup from cache
25 verbose get saving reactjs-popup to /Users/zhiwen/.npm/registry.npmjs.org/reactjs-popup/.cache.json
26 verbose correctMkdir /Users/zhiwen/.npm correctMkdir not in flight; initializing
27 silly install normalizeTree
28 silly loadCurrentTree Finishing
29 silly loadIdealTree Starting
30 silly install loadIdealTree
31 silly cloneCurrentTree Starting
32 silly install cloneCurrentTreeToIdealTree
33 silly cloneCurrentTree Finishing
34 silly loadShrinkwrap Starting
35 silly install loadShrinkwrap
36 silly loadShrinkwrap Finishing
37 silly loadAllDepsIntoIdealTree Starting
38 silly install loadAllDepsIntoIdealTree
39 silly resolveWithNewModule reactjs-popup@2.0.6 checking installable status
40 silly cache add args [ 'reactjs-popup', null ]
41 verbose cache add spec reactjs-popup
42 silly cache add parsed spec Result {
42 silly cache add   raw: 'reactjs-popup',
42 silly cache add   scope: null,
42 silly cache add   escapedName: 'reactjs-popup',
42 silly cache add   name: 'reactjs-popup',
42 silly cache add   rawSpec: '',
42 silly cache add   spec: 'latest',
42 silly cache add   type: 'tag' }
43 silly addNamed reactjs-popup@latest
44 verbose addNamed "latest" is being treated as a dist-tag for reactjs-popup
45 info addNameTag [ 'reactjs-popup', 'latest' ]
46 silly mapToRegistry name reactjs-popup
47 silly mapToRegistry using default registry
48 silly mapToRegistry registry https://registry.npmjs.org/
49 silly mapToRegistry data Result {
49 silly mapToRegistry   raw: 'reactjs-popup',
49 silly mapToRegistry   scope: null,
49 silly mapToRegistry   escapedName: 'reactjs-popup',
49 silly mapToRegistry   name: 'reactjs-popup',
49 silly mapToRegistry   rawSpec: '',
49 silly mapToRegistry   spec: 'latest',
49 silly mapToRegistry   type: 'tag' }
50 silly mapToRegistry uri https://registry.npmjs.org/reactjs-popup
51 verbose addNameTag registry:https://registry.npmjs.org/reactjs-popup not in flight; fetching
52 verbose get https://registry.npmjs.org/reactjs-popup not expired, no request
53 silly addNameTag next cb for reactjs-popup with tag latest
54 silly addNamed reactjs-popup@2.0.6
55 verbose addNamed "2.0.6" is a plain semver version for reactjs-popup
56 silly cache afterAdd reactjs-popup@2.0.6
57 verbose afterAdd /Users/zhiwen/.npm/reactjs-popup/2.0.6/package/package.json not in flight; writing
58 verbose correctMkdir /Users/zhiwen/.npm correctMkdir not in flight; initializing
59 verbose afterAdd /Users/zhiwen/.npm/reactjs-popup/2.0.6/package/package.json written
60 silly fetchNamedPackageData @noble/hashes
61 silly mapToRegistry name @noble/hashes
62 silly mapToRegistry scope (from package name) @noble
63 verbose mapToRegistry no registry URL found in name for scope @noble
64 silly mapToRegistry using default registry
65 silly mapToRegistry registry https://registry.npmjs.org/
66 silly mapToRegistry data Result {
66 silly mapToRegistry   raw: '@noble/hashes',
66 silly mapToRegistry   scope: '@noble',
66 silly mapToRegistry   escapedName: '@noble%2fhashes',
66 silly mapToRegistry   name: '@noble/hashes',
66 silly mapToRegistry   rawSpec: '',
66 silly mapToRegistry   spec: 'latest',
66 silly mapToRegistry   type: 'tag' }
67 silly mapToRegistry uri https://registry.npmjs.org/@noble%2fhashes
68 verbose request uri https://registry.npmjs.org/@noble%2fhashes
69 verbose request no auth needed
70 info attempt registry request try #1 at 1:26:48 PM
71 verbose etag W/"b1fe38edbb87bc87b5e13b2e020f3ad8"
72 verbose lastModified Sun, 01 Sep 2024 15:30:32 GMT
73 http request GET https://registry.npmjs.org/@noble%2fhashes
74 http 304 https://registry.npmjs.org/@noble%2fhashes
75 verbose headers { date: 'Sun, 20 Oct 2024 20:26:49 GMT',
75 verbose headers   connection: 'keep-alive',
75 verbose headers   'cf-ray': '8d5bbeb87bb92572-SJC',
75 verbose headers   'cf-cache-status': 'HIT',
75 verbose headers   'access-control-allow-origin': '*',
75 verbose headers   age: '60',
75 verbose headers   'cache-control': 'public, max-age=300',
75 verbose headers   etag: '"b1fe38edbb87bc87b5e13b2e020f3ad8"',
75 verbose headers   'last-modified': 'Sun, 01 Sep 2024 15:30:32 GMT',
75 verbose headers   vary: 'Accept-Encoding',
75 verbose headers   server: 'cloudflare' }
76 silly get cb [ 304,
76 silly get   { date: 'Sun, 20 Oct 2024 20:26:49 GMT',
76 silly get     connection: 'keep-alive',
76 silly get     'cf-ray': '8d5bbeb87bb92572-SJC',
76 silly get     'cf-cache-status': 'HIT',
76 silly get     'access-control-allow-origin': '*',
76 silly get     age: '60',
76 silly get     'cache-control': 'public, max-age=300',
76 silly get     etag: '"b1fe38edbb87bc87b5e13b2e020f3ad8"',
76 silly get     'last-modified': 'Sun, 01 Sep 2024 15:30:32 GMT',
76 silly get     vary: 'Accept-Encoding',
76 silly get     server: 'cloudflare' } ]
77 verbose etag https://registry.npmjs.org/@noble%2fhashes from cache
78 verbose get saving @noble/hashes to /Users/zhiwen/.npm/registry.npmjs.org/_40noble_252fhashes/.cache.json
79 verbose correctMkdir /Users/zhiwen/.npm correctMkdir not in flight; initializing
80 silly resolveWithNewModule @noble/hashes@1.4.0 checking installable status
81 silly cache add args [ '@noble/hashes@~1.4.0', null ]
82 verbose cache add spec @noble/hashes@~1.4.0
83 silly cache add parsed spec Result {
83 silly cache add   raw: '@noble/hashes@~1.4.0',
83 silly cache add   scope: '@noble',
83 silly cache add   escapedName: '@noble%2fhashes',
83 silly cache add   name: '@noble/hashes',
83 silly cache add   rawSpec: '~1.4.0',
83 silly cache add   spec: '>=1.4.0 <1.5.0',
83 silly cache add   type: 'range' }
84 silly addNamed @noble/hashes@>=1.4.0 <1.5.0
85 verbose addNamed ">=1.4.0 <1.5.0" is a valid semver range for @noble/hashes
86 silly addNameRange { name: '@noble/hashes',
86 silly addNameRange   range: '>=1.4.0 <1.5.0',
86 silly addNameRange   hasData: false }
87 silly mapToRegistry name @noble/hashes
88 silly mapToRegistry scope (from package name) @noble
89 verbose mapToRegistry no registry URL found in name for scope @noble
90 silly mapToRegistry using default registry
91 silly mapToRegistry registry https://registry.npmjs.org/
92 silly mapToRegistry data Result {
92 silly mapToRegistry   raw: '@noble/hashes',
92 silly mapToRegistry   scope: '@noble',
92 silly mapToRegistry   escapedName: '@noble%2fhashes',
92 silly mapToRegistry   name: '@noble/hashes',
92 silly mapToRegistry   rawSpec: '',
92 silly mapToRegistry   spec: 'latest',
92 silly mapToRegistry   type: 'tag' }
93 silly mapToRegistry uri https://registry.npmjs.org/@noble%2fhashes
94 verbose addNameRange registry:https://registry.npmjs.org/@noble%2fhashes not in flight; fetching
95 verbose get https://registry.npmjs.org/@noble%2fhashes not expired, no request
96 silly addNameRange number 2 { name: '@noble/hashes', range: '>=1.4.0 <1.5.0', hasData: true }
97 silly addNameRange versions [ '@noble/hashes',
97 silly addNameRange   [ '0.4.0',
97 silly addNameRange     '0.4.1',
97 silly addNameRange     '0.4.2',
97 silly addNameRange     '0.4.3',
97 silly addNameRange     '0.4.4',
97 silly addNameRange     '0.4.5',
97 silly addNameRange     '0.5.0',
97 silly addNameRange     '0.5.1',
97 silly addNameRange     '0.5.2',
97 silly addNameRange     '0.5.3',
97 silly addNameRange     '0.5.4',
97 silly addNameRange     '0.5.5',
97 silly addNameRange     '0.5.6',
97 silly addNameRange     '0.5.7',
97 silly addNameRange     '0.5.8',
97 silly addNameRange     '0.5.9',
97 silly addNameRange     '1.0.0',
97 silly addNameRange     '1.1.0',
97 silly addNameRange     '1.1.1',
97 silly addNameRange     '1.1.2',
97 silly addNameRange     '1.1.3',
97 silly addNameRange     '1.1.4',
97 silly addNameRange     '1.1.5',
97 silly addNameRange     '1.2.0',
97 silly addNameRange     '1.3.0',
97 silly addNameRange     '1.3.1',
97 silly addNameRange     '1.3.2',
97 silly addNameRange     '1.3.3',
97 silly addNameRange     '1.4.0',
97 silly addNameRange     '1.5.0' ] ]
98 silly addNamed @noble/hashes@1.4.0
99 verbose addNamed "1.4.0" is a plain semver version for @noble/hashes
100 silly cache afterAdd @noble/hashes@1.4.0
101 verbose afterAdd /Users/zhiwen/.npm/@noble/hashes/1.4.0/package/package.json not in flight; writing
102 verbose correctMkdir /Users/zhiwen/.npm correctMkdir not in flight; initializing
103 verbose afterAdd /Users/zhiwen/.npm/@noble/hashes/1.4.0/package/package.json written
104 silly fetchNamedPackageData strip-ansi
105 silly mapToRegistry name strip-ansi
106 silly mapToRegistry using default registry
107 silly mapToRegistry registry https://registry.npmjs.org/
108 silly mapToRegistry data Result {
108 silly mapToRegistry   raw: 'strip-ansi',
108 silly mapToRegistry   scope: null,
108 silly mapToRegistry   escapedName: 'strip-ansi',
108 silly mapToRegistry   name: 'strip-ansi',
108 silly mapToRegistry   rawSpec: '',
108 silly mapToRegistry   spec: 'latest',
108 silly mapToRegistry   type: 'tag' }
109 silly mapToRegistry uri https://registry.npmjs.org/strip-ansi
110 silly fetchNamedPackageData wrap-ansi
111 silly mapToRegistry name wrap-ansi
112 silly mapToRegistry using default registry
113 silly mapToRegistry registry https://registry.npmjs.org/
114 silly mapToRegistry data Result {
114 silly mapToRegistry   raw: 'wrap-ansi',
114 silly mapToRegistry   scope: null,
114 silly mapToRegistry   escapedName: 'wrap-ansi',
114 silly mapToRegistry   name: 'wrap-ansi',
114 silly mapToRegistry   rawSpec: '',
114 silly mapToRegistry   spec: 'latest',
114 silly mapToRegistry   type: 'tag' }
115 silly mapToRegistry uri https://registry.npmjs.org/wrap-ansi
116 verbose request uri https://registry.npmjs.org/wrap-ansi
117 verbose request no auth needed
118 info attempt registry request try #1 at 1:26:50 PM
119 verbose etag W/"096b0befe71ac4a3b08a6a2255515b73"
120 verbose lastModified Sat, 28 Oct 2023 17:40:35 GMT
121 http request GET https://registry.npmjs.org/wrap-ansi
122 verbose request uri https://registry.npmjs.org/strip-ansi
123 verbose request no auth needed
124 info attempt registry request try #1 at 1:26:50 PM
125 verbose etag W/"ac0377b2d4e7fbe4eea84e483222d0a5"
126 verbose lastModified Sun, 28 May 2023 09:55:05 GMT
127 http request GET https://registry.npmjs.org/strip-ansi
128 http 304 https://registry.npmjs.org/wrap-ansi
129 verbose headers { date: 'Sun, 20 Oct 2024 20:26:50 GMT',
129 verbose headers   connection: 'keep-alive',
129 verbose headers   'cf-ray': '8d5bbebfc8a42572-SJC',
129 verbose headers   'cf-cache-status': 'HIT',
129 verbose headers   'access-control-allow-origin': '*',
129 verbose headers   age: '130',
129 verbose headers   'cache-control': 'public, max-age=300',
129 verbose headers   etag: '"096b0befe71ac4a3b08a6a2255515b73"',
129 verbose headers   'last-modified': 'Sat, 28 Oct 2023 17:40:35 GMT',
129 verbose headers   vary: 'Accept-Encoding',
129 verbose headers   server: 'cloudflare' }
130 silly get cb [ 304,
130 silly get   { date: 'Sun, 20 Oct 2024 20:26:50 GMT',
130 silly get     connection: 'keep-alive',
130 silly get     'cf-ray': '8d5bbebfc8a42572-SJC',
130 silly get     'cf-cache-status': 'HIT',
130 silly get     'access-control-allow-origin': '*',
130 silly get     age: '130',
130 silly get     'cache-control': 'public, max-age=300',
130 silly get     etag: '"096b0befe71ac4a3b08a6a2255515b73"',
130 silly get     'last-modified': 'Sat, 28 Oct 2023 17:40:35 GMT',
130 silly get     vary: 'Accept-Encoding',
130 silly get     server: 'cloudflare' } ]
131 verbose etag https://registry.npmjs.org/wrap-ansi from cache
132 verbose get saving wrap-ansi to /Users/zhiwen/.npm/registry.npmjs.org/wrap-ansi/.cache.json
133 verbose correctMkdir /Users/zhiwen/.npm correctMkdir not in flight; initializing
134 silly resolveWithNewModule wrap-ansi@8.1.0 checking installable status
135 silly cache add args [ 'wrap-ansi@^8.1.0', null ]
136 verbose cache add spec wrap-ansi@^8.1.0
137 silly cache add parsed spec Result {
137 silly cache add   raw: 'wrap-ansi@^8.1.0',
137 silly cache add   scope: null,
137 silly cache add   escapedName: 'wrap-ansi',
137 silly cache add   name: 'wrap-ansi',
137 silly cache add   rawSpec: '^8.1.0',
137 silly cache add   spec: '>=8.1.0 <9.0.0',
137 silly cache add   type: 'range' }
138 silly addNamed wrap-ansi@>=8.1.0 <9.0.0
139 verbose addNamed ">=8.1.0 <9.0.0" is a valid semver range for wrap-ansi
140 silly addNameRange { name: 'wrap-ansi', range: '>=8.1.0 <9.0.0', hasData: false }
141 silly mapToRegistry name wrap-ansi
142 silly mapToRegistry using default registry
143 silly mapToRegistry registry https://registry.npmjs.org/
144 silly mapToRegistry data Result {
144 silly mapToRegistry   raw: 'wrap-ansi',
144 silly mapToRegistry   scope: null,
144 silly mapToRegistry   escapedName: 'wrap-ansi',
144 silly mapToRegistry   name: 'wrap-ansi',
144 silly mapToRegistry   rawSpec: '',
144 silly mapToRegistry   spec: 'latest',
144 silly mapToRegistry   type: 'tag' }
145 silly mapToRegistry uri https://registry.npmjs.org/wrap-ansi
146 verbose addNameRange registry:https://registry.npmjs.org/wrap-ansi not in flight; fetching
147 verbose get https://registry.npmjs.org/wrap-ansi not expired, no request
148 silly addNameRange number 2 { name: 'wrap-ansi', range: '>=8.1.0 <9.0.0', hasData: true }
149 silly addNameRange versions [ 'wrap-ansi',
149 silly addNameRange   [ '0.1.0',
149 silly addNameRange     '0.2.0',
149 silly addNameRange     '0.3.0',
149 silly addNameRange     '1.0.0',
149 silly addNameRange     '2.0.0',
149 silly addNameRange     '2.1.0-candidate',
149 silly addNameRange     '2.1.0',
149 silly addNameRange     '3.0.0',
149 silly addNameRange     '3.0.1',
149 silly addNameRange     '4.0.0',
149 silly addNameRange     '5.0.0',
149 silly addNameRange     '5.1.0',
149 silly addNameRange     '6.0.0',
149 silly addNameRange     '6.1.0',
149 silly addNameRange     '6.2.0',
149 silly addNameRange     '7.0.0',
149 silly addNameRange     '8.0.0',
149 silly addNameRange     '8.0.1',
149 silly addNameRange     '8.1.0',
149 silly addNameRange     '9.0.0' ] ]
150 silly addNamed wrap-ansi@8.1.0
151 verbose addNamed "8.1.0" is a plain semver version for wrap-ansi
152 silly cache afterAdd wrap-ansi@8.1.0
153 verbose afterAdd /Users/zhiwen/.npm/wrap-ansi/8.1.0/package/package.json not in flight; writing
154 verbose correctMkdir /Users/zhiwen/.npm correctMkdir not in flight; initializing
155 verbose afterAdd /Users/zhiwen/.npm/wrap-ansi/8.1.0/package/package.json written
156 http 304 https://registry.npmjs.org/strip-ansi
157 verbose headers { date: 'Sun, 20 Oct 2024 20:26:50 GMT',
157 verbose headers   connection: 'keep-alive',
157 verbose headers   'cf-ray': '8d5bbec09b07f977-SJC',
157 verbose headers   'cf-cache-status': 'HIT',
157 verbose headers   'access-control-allow-origin': '*',
157 verbose headers   age: '163',
157 verbose headers   'cache-control': 'public, max-age=300',
157 verbose headers   etag: '"ac0377b2d4e7fbe4eea84e483222d0a5"',
157 verbose headers   'last-modified': 'Sun, 28 May 2023 09:55:05 GMT',
157 verbose headers   vary: 'Accept-Encoding',
157 verbose headers   server: 'cloudflare' }
158 silly get cb [ 304,
158 silly get   { date: 'Sun, 20 Oct 2024 20:26:50 GMT',
158 silly get     connection: 'keep-alive',
158 silly get     'cf-ray': '8d5bbec09b07f977-SJC',
158 silly get     'cf-cache-status': 'HIT',
158 silly get     'access-control-allow-origin': '*',
158 silly get     age: '163',
158 silly get     'cache-control': 'public, max-age=300',
158 silly get     etag: '"ac0377b2d4e7fbe4eea84e483222d0a5"',
158 silly get     'last-modified': 'Sun, 28 May 2023 09:55:05 GMT',
158 silly get     vary: 'Accept-Encoding',
158 silly get     server: 'cloudflare' } ]
159 verbose etag https://registry.npmjs.org/strip-ansi from cache
160 verbose get saving strip-ansi to /Users/zhiwen/.npm/registry.npmjs.org/strip-ansi/.cache.json
161 verbose correctMkdir /Users/zhiwen/.npm correctMkdir not in flight; initializing
162 silly resolveWithNewModule strip-ansi@7.1.0 checking installable status
163 silly cache add args [ 'strip-ansi@^7.0.1', null ]
164 verbose cache add spec strip-ansi@^7.0.1
165 silly cache add parsed spec Result {
165 silly cache add   raw: 'strip-ansi@^7.0.1',
165 silly cache add   scope: null,
165 silly cache add   escapedName: 'strip-ansi',
165 silly cache add   name: 'strip-ansi',
165 silly cache add   rawSpec: '^7.0.1',
165 silly cache add   spec: '>=7.0.1 <8.0.0',
165 silly cache add   type: 'range' }
166 silly addNamed strip-ansi@>=7.0.1 <8.0.0
167 verbose addNamed ">=7.0.1 <8.0.0" is a valid semver range for strip-ansi
168 silly addNameRange { name: 'strip-ansi', range: '>=7.0.1 <8.0.0', hasData: false }
169 silly mapToRegistry name strip-ansi
170 silly mapToRegistry using default registry
171 silly mapToRegistry registry https://registry.npmjs.org/
172 silly mapToRegistry data Result {
172 silly mapToRegistry   raw: 'strip-ansi',
172 silly mapToRegistry   scope: null,
172 silly mapToRegistry   escapedName: 'strip-ansi',
172 silly mapToRegistry   name: 'strip-ansi',
172 silly mapToRegistry   rawSpec: '',
172 silly mapToRegistry   spec: 'latest',
172 silly mapToRegistry   type: 'tag' }
173 silly mapToRegistry uri https://registry.npmjs.org/strip-ansi
174 verbose addNameRange registry:https://registry.npmjs.org/strip-ansi not in flight; fetching
175 verbose get https://registry.npmjs.org/strip-ansi not expired, no request
176 silly addNameRange number 2 { name: 'strip-ansi', range: '>=7.0.1 <8.0.0', hasData: true }
177 silly addNameRange versions [ 'strip-ansi',
177 silly addNameRange   [ '0.1.0',
177 silly addNameRange     '0.1.1',
177 silly addNameRange     '0.2.0',
177 silly addNameRange     '0.2.1',
177 silly addNameRange     '0.2.2',
177 silly addNameRange     '0.3.0',
177 silly addNameRange     '1.0.0',
177 silly addNameRange     '2.0.0',
177 silly addNameRange     '2.0.1',
177 silly addNameRange     '3.0.0',
177 silly addNameRange     '3.0.1',
177 silly addNameRange     '4.0.0',
177 silly addNameRange     '5.0.0',
177 silly addNameRange     '5.1.0',
177 silly addNameRange     '5.2.0',
177 silly addNameRange     '6.0.0',
177 silly addNameRange     '7.0.0',
177 silly addNameRange     '7.0.1',
177 silly addNameRange     '6.0.1',
177 silly addNameRange     '7.1.0' ] ]
178 silly addNamed strip-ansi@7.1.0
179 verbose addNamed "7.1.0" is a plain semver version for strip-ansi
180 silly cache afterAdd strip-ansi@7.1.0
181 verbose afterAdd /Users/zhiwen/.npm/strip-ansi/7.1.0/package/package.json not in flight; writing
182 verbose correctMkdir /Users/zhiwen/.npm correctMkdir not in flight; initializing
183 verbose afterAdd /Users/zhiwen/.npm/strip-ansi/7.1.0/package/package.json written
184 silly rollbackFailedOptional Starting
185 silly rollbackFailedOptional Finishing
186 silly runTopLevelLifecycles Finishing
187 silly install printInstalled
188 verbose stack Error: Unsupported URL Type: npm:string-width@^4.2.0
188 verbose stack     at parseUrl (/Users/zhiwen/.nvm/versions/node/v6.11.5/lib/node_modules/npm/node_modules/npm-package-arg/npa.js:186:13)
188 verbose stack     at npa (/Users/zhiwen/.nvm/versions/node/v6.11.5/lib/node_modules/npm/node_modules/npm-package-arg/npa.js:79:12)
188 verbose stack     at module.exports (/Users/zhiwen/.nvm/versions/node/v6.11.5/lib/node_modules/npm/node_modules/realize-package-specifier/index.js:12:15)
188 verbose stack     at childDependencySpecifier (/Users/zhiwen/.nvm/versions/node/v6.11.5/lib/node_modules/npm/lib/install/deps.js:104:3)
188 verbose stack     at addDependency (/Users/zhiwen/.nvm/versions/node/v6.11.5/lib/node_modules/npm/lib/install/deps.js:442:3)
188 verbose stack     at /Users/zhiwen/.nvm/versions/node/v6.11.5/lib/node_modules/npm/lib/install/deps.js:401:5
188 verbose stack     at /Users/zhiwen/.nvm/versions/node/v6.11.5/lib/node_modules/npm/node_modules/slide/lib/async-map.js:52:35
188 verbose stack     at Array.forEach (native)
188 verbose stack     at /Users/zhiwen/.nvm/versions/node/v6.11.5/lib/node_modules/npm/node_modules/slide/lib/async-map.js:52:11
188 verbose stack     at Array.forEach (native)
189 verbose cwd /Users/zhiwen/code/dex-old
190 error Darwin 22.6.0
191 error argv "/Users/zhiwen/.nvm/versions/node/v6.11.5/bin/node" "/Users/zhiwen/.nvm/versions/node/v6.11.5/bin/npm" "install" "reactjs-popup"
192 error node v6.11.5
193 error npm  v3.10.10
194 error Unsupported URL Type: npm:string-width@^4.2.0
195 error If you need help, you may report this error at:
195 error     <https://github.com/npm/npm/issues>
196 verbose exit [ 1, true ]
